<?xml version="1.0" encoding="UTF-8"?>
<!-- Generated by org.testng.reporters.JUnitReportReporter -->
<testsuite hostname="Ratin-PC" failures="0" tests="1" name="com.mystore.testscripts.LoginPageTest" time="46.183" errors="0" timestamp="2021-12-09T13:35:12 IST" skipped="0">
  <testcase classname="com.mystore.testscripts.LoginPageTest" name="loginTest" time="46.183"/>
  <system-out/>
</testsuite> <!-- com.mystore.testscripts.LoginPageTest -->
