<?xml version="1.0" encoding="UTF-8"?>
<!-- Generated by org.testng.reporters.JUnitReportReporter -->
<testsuite hostname="Ratin-PC" failures="0" tests="1" name="com.mystore.testscripts.AddToCartPageTest" time="41.279" errors="0" timestamp="2021-11-29T11:18:45 IST" skipped="0">
  <testcase classname="com.mystore.testscripts.AddToCartPageTest" name="addToCartTest" time="41.279"/>
  <system-out/>
</testsuite> <!-- com.mystore.testscripts.AddToCartPageTest -->
