<?xml version="1.0" encoding="UTF-8"?>
<!-- Generated by org.testng.reporters.JUnitReportReporter -->
<testsuite hostname="Ratin-PC" failures="0" tests="1" name="com.mystore.testscripts.EndToEndTest" time="65.992" errors="0" timestamp="2021-11-29T11:18:45 IST" skipped="0">
  <testcase classname="com.mystore.testscripts.EndToEndTest" name="endToEndTest" time="65.992"/>
  <system-out/>
</testsuite> <!-- com.mystore.testscripts.EndToEndTest -->
