<?xml version="1.0" encoding="UTF-8"?>
<!-- Generated by org.testng.reporters.JUnitReportReporter -->
<testsuite hostname="Ratin-PC" failures="0" tests="1" name="com.mystore.testscripts.SearchResultPageTest" time="70.852" errors="0" timestamp="2021-12-09T13:35:12 IST" skipped="0">
  <testcase classname="com.mystore.testscripts.SearchResultPageTest" name="productAvailablityTest" time="70.852"/>
  <system-out/>
</testsuite> <!-- com.mystore.testscripts.SearchResultPageTest -->
