<?xml version="1.0" encoding="UTF-8"?>
<!-- Generated by org.testng.reporters.JUnitReportReporter -->
<testsuite hostname="edde-PC" failures="0" tests="2" name="com.mystore.base.BaseClass" time="24.165" errors="0" timestamp="2021-11-17T14:59:03 IST" skipped="0">
  <testcase classname="com.mystore.base.BaseClass" name="loadConfig" time="0.011"/>
  <system-out/>
  <testcase classname="com.mystore.base.BaseClass" name="launchApp" time="24.154"/>
  <system-out/>
</testsuite> <!-- com.mystore.base.BaseClass -->
