<?xml version="1.0" encoding="UTF-8"?>
<!-- Generated by org.testng.reporters.JUnitReportReporter -->
<testsuite hostname="Ratin-PC" failures="0" tests="1" name="com.mystore.testscripts.LoginPageTest" time="72.043" errors="0" timestamp="2022-02-10T20:09:09 IST" skipped="0">
  <testcase classname="com.mystore.testscripts.LoginPageTest" name="loginTest" time="72.043"/>
  <system-out/>
</testsuite> <!-- com.mystore.testscripts.LoginPageTest -->
